<?xml version="1.0" encoding="UTF-8"?>
<!-- Generated by org.testng.reporters.JUnitXMLReporter -->
<testsuite ignored="0" hostname="DESKTOP-R6VJ8SB" failures="0" tests="3" name="Default test" time="0.135" errors="0" timestamp="2023-10-29T12:44:48 CET">
  <testcase classname="testPackage.class3" name="mobileSigninCarLoan" time="0.02"/>
  <testcase classname="testPackage.class3" name="mobileSignoutCarLoan" time="0.002"/>
  <testcase classname="testPackage.class3" name="webloginCarLoan" time="0.003"/>
</testsuite> <!-- Default test -->
