<?xml version="1.0" encoding="UTF-8"?>
<!-- Generated by org.testng.reporters.JUnitXMLReporter -->
<testsuite ignored="0" hostname="DESKTOP-R6VJ8SB" failures="0" tests="3" name="PersonalLoan" time="0.177" errors="0" timestamp="2023-10-28T17:40:41 CEST">
  <testcase classname="testPackage.class1" name="SecondTest" time="0.022"/>
  <testcase classname="testPackage.class1" name="demo" time="0.004"/>
  <testcase classname="testPackage.class2" name="PLoan" time="0.002"/>
</testsuite> <!-- PersonalLoan -->
