<?xml version="1.0" encoding="UTF-8"?>
<!-- Generated by org.testng.reporters.JUnitXMLReporter -->
<testsuite ignored="0" hostname="DESKTOP-R6VJ8SB" failures="0" tests="3" name="Car Loan" time="0.132" errors="0" timestamp="2023-10-28T18:49:09 CEST">
  <testcase classname="testPackage.class3" name="mobileSigninCarLoan" time="0.008"/>
  <testcase classname="testPackage.class3" name="mobileSignoutCarLoan" time="0.026"/>
  <testcase classname="testPackage.class3" name="webloginCarLoan" time="0.004"/>
</testsuite> <!-- Car Loan -->
