<?xml version="1.0" encoding="UTF-8"?>
<!-- Generated by org.testng.reporters.JUnitXMLReporter -->
<testsuite ignored="1" hostname="DESKTOP-R6VJ8SB" failures="0" tests="5" name="Personal Loan" time="0.281" errors="0" timestamp="2023-10-28T18:49:09 CEST">
  <testcase classname="testPackage.class1" name="demo" time="0.018"/>
  <testcase classname="testPackage.class2" name="PLoan" time="0.008"/>
  <testcase classname="testPackage.class4" name="loginAPIHomeLoan" time="0.013"/>
  <testcase classname="testPackage.class4" name="mobileloginHomeLoan" time="0.016"/>
  <testcase classname="testPackage.class4" name="webloginHomeLoan" time="0.013"/>
  <testcase classname="testPackage.class1" name="SecondTest" time="0.0">
    <ignored/>
  </testcase> <!-- SecondTest -->
</testsuite> <!-- Personal Loan -->
