<?xml version="1.0" encoding="UTF-8"?>
<!-- Generated by org.testng.reporters.JUnitXMLReporter -->
<testsuite ignored="6" hostname="DESKTOP-R6VJ8SB" failures="0" tests="3" name="Regression" time="0.207" errors="0" timestamp="2023-10-29T13:54:02 CET">
  <testcase classname="testPackage.class1" name="demo" time="0.032"/>
  <testcase classname="testPackage.class2" name="PLoan" time="0.003"/>
  <testcase classname="testPackage.class4" name="loginAPIHomeLoan" time="0.007"/>
  <testcase classname="testPackage.class1" name="SecondTest" time="0.0">
    <ignored/>
  </testcase> <!-- SecondTest -->
  <testcase classname="testPackage.class4" name="mobileloginHomeLoan" time="0.0">
    <ignored/>
  </testcase> <!-- mobileloginHomeLoan -->
  <testcase classname="testPackage.class4" name="webloginHomeLoan" time="0.0">
    <ignored/>
  </testcase> <!-- webloginHomeLoan -->
  <testcase classname="testPackage.class3" name="mobileSignoutCarLoan" time="0.0">
    <ignored/>
  </testcase> <!-- mobileSignoutCarLoan -->
  <testcase classname="testPackage.class3" name="webloginCarLoan" time="0.0">
    <ignored/>
  </testcase> <!-- webloginCarLoan -->
  <testcase classname="testPackage.class3" name="mobileSigninCarLoan" time="0.0">
    <ignored/>
  </testcase> <!-- mobileSigninCarLoan -->
</testsuite> <!-- Regression -->
